2023-11-29 14:16:16 [INFO] ====== WebDriver manager ====== (logger.py:11)
2023-11-29 14:16:19 [INFO] Get LATEST chromedriver version for google-chrome (logger.py:11)
2023-11-29 14:16:19 [INFO] Get LATEST chromedriver version for google-chrome (logger.py:11)
2023-11-29 14:16:20 [INFO] Driver [C:\Users\Eshant\.wdm\drivers\chromedriver\win64\119.0.6045.105\chromedriver-win32/chromedriver.exe] found in cache (logger.py:11)
2023-11-29 14:16:21 [INFO] ------- test_user_registration_with_missing_data -----------  (test_registration.py:18)
2023-11-29 14:16:21 [INFO] -------- Going to the URL: https://www.lynxbroker.de/wertpapierdepot/depoteroeffnung/antrag ------------- (setup.py:13)
2023-11-29 14:16:22 [INFO] Clicked on Customize cookies (registerationPage.py:79)
2023-11-29 14:16:22 [INFO] Clicked on decline unnecessary cookies (registerationPage.py:81)
2023-11-29 14:16:24 [INFO] Verified the URL successfully, the user is on the expected page: https://www.lynxbroker.de/wertpapierdepot/depoteroeffnung/antrag/wizard/start (basePage.py:12)
2023-11-29 14:16:24 [INFO] ############### Mandatory Fields error warning was found! ###################  (test_registration.py:25)
2023-11-29 14:16:24 [INFO] ######################## TEST PASSED #########################  (test_registration.py:26)
2023-11-29 14:16:24 [INFO] ------- test_user_registration_all_valid_data -----------  (test_registration.py:34)
2023-11-29 14:16:24 [INFO] RUNNING TEST WITH DESCRIPTION: Test With valid values for registration (test_registration.py:37)
2023-11-29 14:16:24 [INFO] -------- Going to the URL: https://www.lynxbroker.de/wertpapierdepot/depoteroeffnung/antrag ------------- (setup.py:13)
2023-11-29 14:16:24 [INFO] Clicked on Customize cookies (registerationPage.py:79)
2023-11-29 14:16:25 [INFO] Clicked on decline unnecessary cookies (registerationPage.py:81)
2023-11-29 14:16:25 [INFO] The gender is selected as: male (registerationPage.py:154)
2023-11-29 14:16:25 [INFO] Entered None as: Test (object_sync.py:64)
2023-11-29 14:16:25 [INFO] Entered first name as Test (registerationPage.py:159)
2023-11-29 14:16:25 [INFO] Entered None as: Test (object_sync.py:64)
2023-11-29 14:16:25 [INFO] Entered last name as Test (registerationPage.py:161)
2023-11-29 14:16:25 [INFO] Entered None as: 123456 (object_sync.py:64)
2023-11-29 14:16:25 [INFO] Entered mobile number as 123456 (registerationPage.py:163)
2023-11-29 14:16:25 [INFO] Entered None as: +49 (object_sync.py:64)
2023-11-29 14:16:25 [INFO] Entered country code as  +49 (registerationPage.py:165)
2023-11-29 14:16:26 [INFO] Entered None as: abc@abc (object_sync.py:64)
2023-11-29 14:16:26 [INFO] Entered email of person as  abc@abc (registerationPage.py:167)
2023-11-29 14:16:26 [INFO] Depottype is selected as Individual portfolio (registerationPage.py:169)
2023-11-29 14:16:26 [INFO] Entered None as: valid street address (object_sync.py:64)
2023-11-29 14:16:26 [INFO] Entered Street Number as: valid street address (registerationPage.py:176)
2023-11-29 14:16:26 [INFO] Entered None as: 123 (object_sync.py:64)
2023-11-29 14:16:26 [INFO] Entered House Number as: 123 (registerationPage.py:178)
2023-11-29 14:16:26 [INFO] Entered None as: additionaladdress valid (object_sync.py:64)
2023-11-29 14:16:26 [INFO] Entered additional address as: additionaladdress valid (registerationPage.py:181)
2023-11-29 14:16:26 [INFO] Entered None as: 1122334 (object_sync.py:64)
2023-11-29 14:16:26 [INFO] Entered postalcode as: 1122334 (registerationPage.py:184)
2023-11-29 14:16:27 [INFO] Entered None as: Berlin (object_sync.py:64)
2023-11-29 14:16:27 [INFO] Selecting Deutschland from the dropdown  (registerationPage.py:344)
2023-11-29 14:16:27 [INFO] Selecting Berlin from the dropdown  (registerationPage.py:344)
2023-11-29 14:16:27 [INFO] Postal address is same Yes/No is selected as Yes (registerationPage.py:190)
2023-11-29 14:16:28 [INFO] Selecting 5 from the dropdown  (registerationPage.py:344)
2023-11-29 14:16:28 [INFO] entering birth details (registerationPage.py:202)
2023-11-29 14:16:30 [INFO] Selecting the dropdown value at index: 1  (registerationPage.py:342)
2023-11-29 14:16:32 [INFO] Selecting 1995 from the dropdown  (registerationPage.py:344)
2023-11-29 14:16:33 [INFO] Selecting Deutschland from the dropdown  (registerationPage.py:344)
2023-11-29 14:16:33 [INFO] Entered None as: Berlin (object_sync.py:64)
2023-11-29 14:16:33 [INFO] Selecting Deutschland from the dropdown  (registerationPage.py:344)
2023-11-29 14:16:33 [INFO] Entered nationality as: Deutschland (registerationPage.py:208)
2023-11-29 14:16:33 [INFO] Selecting Marital status as: Single (registerationPage.py:211)
2023-11-29 14:16:34 [INFO] Selecting 0 from the dropdown  (registerationPage.py:344)
2023-11-29 14:16:34 [INFO] Entering information for Security Questions Section (registerationPage.py:216)
2023-11-29 14:16:34 [INFO] Entered None as: answer1 (object_sync.py:64)
2023-11-29 14:16:34 [INFO] Entered the answer for Security question 1 as: answer1 (registerationPage.py:218)
2023-11-29 14:16:34 [INFO] Selecting the dropdown value at index: 1  (registerationPage.py:342)
2023-11-29 14:16:34 [INFO] Selected the second security question from dropdown (registerationPage.py:220)
2023-11-29 14:16:34 [INFO] Entered None as: answer2 (object_sync.py:64)
2023-11-29 14:16:35 [INFO] Selecting the dropdown value at index: 1  (registerationPage.py:342)
2023-11-29 14:16:35 [INFO] Entered None as: answer3 (object_sync.py:64)
2023-11-29 14:16:35 [INFO] Verified the URL successfully, the user is on the expected page: https://www.lynxbroker.de/wertpapierdepot/depoteroeffnung/antrag/wizard/personal/2 (basePage.py:12)
2023-11-29 14:16:35 [INFO] User is able to proceed further to next page after giving all valid inputs! (test_registration.py:44)
2023-11-29 14:16:35 [INFO] Own Account Yes/No is selected as: Yes (registerationPage.py:90)
2023-11-29 14:16:36 [INFO] Entered deposit as: 100 (object_sync.py:64)
2023-11-29 14:16:36 [INFO] ENTERING TAX INFORMATION ---- (registerationPage.py:289)
2023-11-29 14:16:36 [INFO] Selecting Deutschland from the dropdown  (registerationPage.py:344)
2023-11-29 14:16:37 [INFO] Entering Job related information ---- (registerationPage.py:242)
2023-11-29 14:16:37 [INFO] Selecting the dropdown value at index: 2  (registerationPage.py:342)
2023-11-29 14:16:38 [INFO] Entered None as: test (object_sync.py:64)
2023-11-29 14:16:38 [INFO] Selecting the dropdown value at index: 1  (registerationPage.py:342)
2023-11-29 14:16:38 [INFO] Entered employer_name as: test1 (object_sync.py:64)
2023-11-29 14:16:39 [INFO] Entered employer_street as: test2 (object_sync.py:64)
2023-11-29 14:16:39 [INFO] Entered emploer_co as: additionalemployer (object_sync.py:64)
2023-11-29 14:16:39 [INFO] Entered employer_zip as: 1234 (object_sync.py:64)
2023-11-29 14:16:41 [INFO] Entered employer_city as: test (object_sync.py:64)
2023-11-29 14:16:41 [INFO] Selecting the dropdown value at index: 1  (registerationPage.py:342)
2023-11-29 14:16:42 [INFO] Selecting the dropdown value at index: 2  (registerationPage.py:342)
2023-11-29 14:16:42 [INFO] Selecting the dropdown value at index: 2  (registerationPage.py:342)
2023-11-29 14:16:43 [INFO] Selected previous financial services as: service4 (registerationPage.py:239)
2023-11-29 14:16:43 [INFO] Verified the URL successfully, the user is on the expected page: https://www.lynxbroker.de/wertpapierdepot/depoteroeffnung/antrag/wizard/config/1 (basePage.py:12)
2023-11-29 14:16:43 [INFO] ######################## TEST PASSED #########################  (test_registration.py:57)
2023-11-29 14:16:43 [INFO] User is able to proceed further to next page after giving all valid inputs! (test_registration.py:58)
2023-11-29 14:16:43 [INFO] ------- test_user_registration_green_card -----------  (test_registration.py:68)
2023-11-29 14:16:43 [INFO] RUNNING TEST WITH DESCRIPTION: Test for a Green Card holder (test_registration.py:71)
2023-11-29 14:16:43 [INFO] -------- Going to the URL: https://www.lynxbroker.de/wertpapierdepot/depoteroeffnung/antrag ------------- (setup.py:13)
2023-11-29 14:16:44 [INFO] Clicked on Customize cookies (registerationPage.py:79)
2023-11-29 14:16:44 [INFO] Clicked on decline unnecessary cookies (registerationPage.py:81)
2023-11-29 14:16:44 [INFO] The gender is selected as: male (registerationPage.py:154)
2023-11-29 14:16:45 [INFO] Entered None as: Test (object_sync.py:64)
2023-11-29 14:16:45 [INFO] Entered first name as Test (registerationPage.py:159)
2023-11-29 14:16:45 [INFO] Entered None as: Test (object_sync.py:64)
2023-11-29 14:16:45 [INFO] Entered last name as Test (registerationPage.py:161)
2023-11-29 14:16:45 [INFO] Entered None as: 123456 (object_sync.py:64)
2023-11-29 14:16:45 [INFO] Entered mobile number as 123456 (registerationPage.py:163)
2023-11-29 14:16:45 [INFO] Entered None as: +49 (object_sync.py:64)
2023-11-29 14:16:45 [INFO] Entered country code as  +49 (registerationPage.py:165)
2023-11-29 14:16:45 [INFO] Entered None as: abc@abc (object_sync.py:64)
2023-11-29 14:16:45 [INFO] Entered email of person as  abc@abc (registerationPage.py:167)
2023-11-29 14:16:45 [INFO] Depottype is selected as Individual portfolio (registerationPage.py:169)
2023-11-29 14:16:46 [INFO] Entered None as: valid street address (object_sync.py:64)
2023-11-29 14:16:46 [INFO] Entered Street Number as: valid street address (registerationPage.py:176)
2023-11-29 14:16:46 [INFO] Entered None as: 123 (object_sync.py:64)
2023-11-29 14:16:46 [INFO] Entered House Number as: 123 (registerationPage.py:178)
2023-11-29 14:16:46 [INFO] Entered None as: additionaladdress valid (object_sync.py:64)
2023-11-29 14:16:46 [INFO] Entered additional address as: additionaladdress valid (registerationPage.py:181)
2023-11-29 14:16:46 [INFO] Entered None as: 1122334 (object_sync.py:64)
2023-11-29 14:16:46 [INFO] Entered postalcode as: 1122334 (registerationPage.py:184)
2023-11-29 14:16:46 [INFO] Entered None as: Berlin (object_sync.py:64)
2023-11-29 14:16:47 [INFO] Selecting Deutschland from the dropdown  (registerationPage.py:344)
2023-11-29 14:16:47 [INFO] Selecting Berlin from the dropdown  (registerationPage.py:344)
2023-11-29 14:16:47 [INFO] Postal address is same Yes/No is selected as Yes (registerationPage.py:190)
2023-11-29 14:16:54 [INFO] Selecting 5 from the dropdown  (registerationPage.py:344)
2023-11-29 14:16:54 [INFO] entering birth details (registerationPage.py:202)
2023-11-29 14:16:54 [INFO] Selecting the dropdown value at index: 1  (registerationPage.py:342)
2023-11-29 14:16:54 [INFO] Selecting 1995 from the dropdown  (registerationPage.py:344)
2023-11-29 14:16:55 [INFO] Selecting Deutschland from the dropdown  (registerationPage.py:344)
2023-11-29 14:16:55 [INFO] Entered None as: Berlin (object_sync.py:64)
2023-11-29 14:16:55 [INFO] Selecting Deutschland from the dropdown  (registerationPage.py:344)
2023-11-29 14:16:55 [INFO] Entered nationality as: Deutschland (registerationPage.py:208)
2023-11-29 14:16:56 [INFO] Selecting Marital status as: Single (registerationPage.py:211)
2023-11-29 14:16:56 [INFO] Selecting 0 from the dropdown  (registerationPage.py:344)
2023-11-29 14:16:56 [INFO] Entering information for Security Questions Section (registerationPage.py:216)
2023-11-29 14:16:56 [INFO] Entered None as: answer1 (object_sync.py:64)
2023-11-29 14:16:56 [INFO] Entered the answer for Security question 1 as: answer1 (registerationPage.py:218)
2023-11-29 14:16:57 [INFO] Selecting the dropdown value at index: 1  (registerationPage.py:342)
2023-11-29 14:16:57 [INFO] Selected the second security question from dropdown (registerationPage.py:220)
2023-11-29 14:16:57 [INFO] Entered None as: answer2 (object_sync.py:64)
2023-11-29 14:16:57 [INFO] Selecting the dropdown value at index: 1  (registerationPage.py:342)
2023-11-29 14:16:57 [INFO] Entered None as: answer3 (object_sync.py:64)
2023-11-29 14:16:58 [INFO] Verified the URL successfully, the user is on the expected page: https://www.lynxbroker.de/wertpapierdepot/depoteroeffnung/antrag/wizard/personal/2 (basePage.py:12)
2023-11-29 14:16:58 [INFO] User is able to proceed further to next page after giving all valid inputs! (test_registration.py:78)
2023-11-29 14:16:58 [INFO] Own Account Yes/No is selected as: Yes (registerationPage.py:90)
2023-11-29 14:16:58 [INFO] Entered deposit as: 100 (object_sync.py:64)
2023-11-29 14:16:58 [INFO] ENTERING TAX INFORMATION ---- (registerationPage.py:289)
2023-11-29 14:16:59 [INFO] Selecting Deutschland from the dropdown  (registerationPage.py:344)
2023-11-29 14:17:00 [INFO] SSN Box appeared for Green Card Holder !! (test_registration.py:87)
2023-11-29 14:17:00 [INFO] Entering Job related information ---- (registerationPage.py:242)
2023-11-29 14:17:00 [INFO] Selecting the dropdown value at index: 2  (registerationPage.py:342)
2023-11-29 14:17:01 [INFO] Entered None as: test (object_sync.py:64)
2023-11-29 14:17:01 [INFO] Selecting the dropdown value at index: 1  (registerationPage.py:342)
2023-11-29 14:17:04 [INFO] Entered employer_name as: test1 (object_sync.py:64)
2023-11-29 14:17:04 [INFO] Entered employer_street as: test2 (object_sync.py:64)
2023-11-29 14:17:05 [INFO] Entered emploer_co as: additionalemployer (object_sync.py:64)
2023-11-29 14:17:05 [INFO] Entered employer_zip as: 1234 (object_sync.py:64)
2023-11-29 14:17:05 [INFO] Entered employer_city as: test (object_sync.py:64)
2023-11-29 14:17:05 [INFO] Selecting the dropdown value at index: 1  (registerationPage.py:342)
2023-11-29 14:17:06 [INFO] Selecting the dropdown value at index: 2  (registerationPage.py:342)
2023-11-29 14:17:06 [INFO] Selecting the dropdown value at index: 2  (registerationPage.py:342)
2023-11-29 14:17:07 [INFO] Selected previous financial services as: service4 (registerationPage.py:239)
2023-11-29 14:17:07 [INFO] Verified the URL successfully, the user is on the expected page: https://www.lynxbroker.de/wertpapierdepot/depoteroeffnung/antrag/wizard/personal/2 (basePage.py:12)
2023-11-29 14:17:07 [INFO] ######################## TEST PASSED #########################  (test_registration.py:96)
2023-11-29 14:17:07 [INFO] User is not able to proceed further because of SSN requirement! (test_registration.py:97)
2023-11-29 14:17:07 [INFO] ------- test_open_portfolio_with_own_acc -----------  (test_registration.py:131)
2023-11-29 14:17:07 [INFO] RUNNING TEST WITH DESCRIPTION: Verify if LYNX portfolio can only be opened with self account (test_registration.py:134)
2023-11-29 14:17:07 [INFO] -------- Going to the URL: https://www.lynxbroker.de/wertpapierdepot/depoteroeffnung/antrag ------------- (setup.py:13)
2023-11-29 14:17:08 [INFO] Clicked on Customize cookies (registerationPage.py:79)
2023-11-29 14:17:09 [INFO] Clicked on decline unnecessary cookies (registerationPage.py:81)
2023-11-29 14:17:09 [INFO] The gender is selected as: male (registerationPage.py:154)
2023-11-29 14:17:09 [INFO] Entered None as: Test (object_sync.py:64)
2023-11-29 14:17:09 [INFO] Entered first name as Test (registerationPage.py:159)
2023-11-29 14:17:09 [INFO] Entered None as: Test (object_sync.py:64)
2023-11-29 14:17:09 [INFO] Entered last name as Test (registerationPage.py:161)
2023-11-29 14:17:10 [INFO] Entered None as: 123456 (object_sync.py:64)
2023-11-29 14:17:10 [INFO] Entered mobile number as 123456 (registerationPage.py:163)
2023-11-29 14:17:10 [INFO] Entered None as: +49 (object_sync.py:64)
2023-11-29 14:17:10 [INFO] Entered country code as  +49 (registerationPage.py:165)
2023-11-29 14:17:10 [INFO] Entered None as: abc@abc (object_sync.py:64)
2023-11-29 14:17:10 [INFO] Entered email of person as  abc@abc (registerationPage.py:167)
2023-11-29 14:17:10 [INFO] Depottype is selected as Individual portfolio (registerationPage.py:169)
2023-11-29 14:17:10 [INFO] Entered None as: valid street address (object_sync.py:64)
2023-11-29 14:17:10 [INFO] Entered Street Number as: valid street address (registerationPage.py:176)
2023-11-29 14:17:11 [INFO] Entered None as: 123 (object_sync.py:64)
2023-11-29 14:17:11 [INFO] Entered House Number as: 123 (registerationPage.py:178)
2023-11-29 14:17:11 [INFO] Entered None as: additionaladdress valid (object_sync.py:64)
2023-11-29 14:17:11 [INFO] Entered additional address as: additionaladdress valid (registerationPage.py:181)
2023-11-29 14:17:11 [INFO] Entered None as: 1122334 (object_sync.py:64)
2023-11-29 14:17:11 [INFO] Entered postalcode as: 1122334 (registerationPage.py:184)
2023-11-29 14:17:11 [INFO] Entered None as: Berlin (object_sync.py:64)
2023-11-29 14:17:12 [INFO] Selecting Deutschland from the dropdown  (registerationPage.py:344)
2023-11-29 14:17:15 [INFO] Selecting Berlin from the dropdown  (registerationPage.py:344)
2023-11-29 14:17:17 [INFO] Postal address is same Yes/No is selected as Yes (registerationPage.py:190)
2023-11-29 14:17:18 [INFO] Selecting 5 from the dropdown  (registerationPage.py:344)
2023-11-29 14:17:18 [INFO] entering birth details (registerationPage.py:202)
2023-11-29 14:17:18 [INFO] Selecting the dropdown value at index: 1  (registerationPage.py:342)
2023-11-29 14:17:19 [INFO] Selecting 1995 from the dropdown  (registerationPage.py:344)
2023-11-29 14:17:19 [INFO] Selecting Deutschland from the dropdown  (registerationPage.py:344)
2023-11-29 14:17:19 [INFO] Entered None as: Berlin (object_sync.py:64)
2023-11-29 14:17:20 [INFO] Selecting Deutschland from the dropdown  (registerationPage.py:344)
2023-11-29 14:17:20 [INFO] Entered nationality as: Deutschland (registerationPage.py:208)
2023-11-29 14:17:20 [INFO] Selecting Marital status as: Single (registerationPage.py:211)
2023-11-29 14:17:20 [INFO] Selecting 0 from the dropdown  (registerationPage.py:344)
2023-11-29 14:17:20 [INFO] Entering information for Security Questions Section (registerationPage.py:216)
2023-11-29 14:17:20 [INFO] Entered None as: answer1 (object_sync.py:64)
2023-11-29 14:17:20 [INFO] Entered the answer for Security question 1 as: answer1 (registerationPage.py:218)
2023-11-29 14:17:21 [INFO] Selecting the dropdown value at index: 1  (registerationPage.py:342)
2023-11-29 14:17:21 [INFO] Selected the second security question from dropdown (registerationPage.py:220)
2023-11-29 14:17:21 [INFO] Entered None as: answer2 (object_sync.py:64)
2023-11-29 14:17:21 [INFO] Selecting the dropdown value at index: 1  (registerationPage.py:342)
2023-11-29 14:17:22 [INFO] Entered None as: answer3 (object_sync.py:64)
2023-11-29 14:17:22 [INFO] Verified the URL successfully, the user is on the expected page: https://www.lynxbroker.de/wertpapierdepot/depoteroeffnung/antrag/wizard/personal/2 (basePage.py:12)
2023-11-29 14:17:23 [INFO] Own Account Yes/No is selected as: No (registerationPage.py:90)
2023-11-29 14:17:23 [INFO] ######################## TEST PASSED #########################  (test_registration.py:144)
2023-11-29 14:17:23 [INFO] Verified:User is not allowed to open portfolio on behalf of others, Only self trading account is permitted! (test_registration.py:145)
